[ pid=8895 thr=3069451120 file=ext/nginx/HelperAgent.cpp:923 time=2012-09-06 16:22:48.449 ]: Couldn't forward the HTTP response back to the HTTP client: It seems the user clicked on the 'Stop' button in his browser.
[ pid=4043 thr=3068869488 file=ext/nginx/HelperAgent.cpp:923 time=2012-09-06 18:34:05.149 ]: Couldn't forward the HTTP response back to the HTTP client: It seems the user clicked on the 'Stop' button in his browser.
[ pid=7119 thr=81625160 file=utils.rb:176 time=2012-09-06 18:41:52.889 ]: *** Exception ArgumentError in PhusionPassenger::Rack::ApplicationSpawner (missing :controller) (process 7119, thread #<Thread:0x9bb0090>):
	from /home/sidney/.rvm/gems/ruby-1.9.3-p0/gems/actionpack-3.2.5/lib/action_dispatch/routing/mapper.rb:181:in `default_controller_and_action'
	from /home/sidney/.rvm/gems/ruby-1.9.3-p0/gems/actionpack-3.2.5/lib/action_dispatch/routing/mapper.rb:78:in `normalize_options!'
	from /home/sidney/.rvm/gems/ruby-1.9.3-p0/gems/actionpack-3.2.5/lib/action_dispatch/routing/mapper.rb:61:in `initialize'
	from /home/sidney/.rvm/gems/ruby-1.9.3-p0/gems/actionpack-3.2.5/lib/action_dispatch/routing/mapper.rb:1304:in `new'
	from /home/sidney/.rvm/gems/ruby-1.9.3-p0/gems/actionpack-3.2.5/lib/action_dispatch/routing/mapper.rb:1304:in `add_route'
	from /home/sidney/.rvm/gems/ruby-1.9.3-p0/gems/actionpack-3.2.5/lib/action_dispatch/routing/mapper.rb:1284:in `decomposed_match'
	from /home/sidney/.rvm/gems/ruby-1.9.3-p0/gems/actionpack-3.2.5/lib/action_dispatch/routing/mapper.rb:1270:in `block in match'
	from /home/sidney/.rvm/gems/ruby-1.9.3-p0/gems/actionpack-3.2.5/lib/action_dispatch/routing/mapper.rb:1270:in `each'
	from /home/sidney/.rvm/gems/ruby-1.9.3-p0/gems/actionpack-3.2.5/lib/action_dispatch/routing/mapper.rb:1270:in `match'
	from /home/sidney/.rvm/gems/ruby-1.9.3-p0/gems/actionpack-3.2.5/lib/action_dispatch/routing/mapper.rb:507:in `map_method'
	from /home/sidney/.rvm/gems/ruby-1.9.3-p0/gems/actionpack-3.2.5/lib/action_dispatch/routing/mapper.rb:469:in `get'
	from /home/sidney/projects/rails/creusekistan/config/routes.rb:2:in `block in <top (required)>'
	from /home/sidney/.rvm/gems/ruby-1.9.3-p0/gems/actionpack-3.2.5/lib/action_dispatch/routing/route_set.rb:282:in `instance_exec'
	from /home/sidney/.rvm/gems/ruby-1.9.3-p0/gems/actionpack-3.2.5/lib/action_dispatch/routing/route_set.rb:282:in `eval_block'
	from /home/sidney/.rvm/gems/ruby-1.9.3-p0/gems/actionpack-3.2.5/lib/action_dispatch/routing/route_set.rb:260:in `draw'
	from /home/sidney/projects/rails/creusekistan/config/routes.rb:1:in `<top (required)>'
	from /home/sidney/.rvm/gems/ruby-1.9.3-p0/gems/activesupport-3.2.5/lib/active_support/dependencies.rb:245:in `load'
	from /home/sidney/.rvm/gems/ruby-1.9.3-p0/gems/activesupport-3.2.5/lib/active_support/dependencies.rb:245:in `block in load'
	from /home/sidney/.rvm/gems/ruby-1.9.3-p0/gems/activesupport-3.2.5/lib/active_support/dependencies.rb:236:in `load_dependency'
	from /home/sidney/.rvm/gems/ruby-1.9.3-p0/gems/activesupport-3.2.5/lib/active_support/dependencies.rb:245:in `load'
	from /home/sidney/.rvm/gems/ruby-1.9.3-p0/gems/railties-3.2.5/lib/rails/application/routes_reloader.rb:40:in `block in load_paths'
	from /home/sidney/.rvm/gems/ruby-1.9.3-p0/gems/railties-3.2.5/lib/rails/application/routes_reloader.rb:40:in `each'
	from /home/sidney/.rvm/gems/ruby-1.9.3-p0/gems/railties-3.2.5/lib/rails/application/routes_reloader.rb:40:in `load_paths'
	from /home/sidney/.rvm/gems/ruby-1.9.3-p0/gems/railties-3.2.5/lib/rails/application/routes_reloader.rb:16:in `reload!'
	from /home/sidney/.rvm/gems/ruby-1.9.3-p0/gems/railties-3.2.5/lib/rails/application/routes_reloader.rb:26:in `block in updater'
	from /home/sidney/.rvm/gems/ruby-1.9.3-p0/gems/activesupport-3.2.5/lib/active_support/file_update_checker.rb:78:in `call'
	from /home/sidney/.rvm/gems/ruby-1.9.3-p0/gems/activesupport-3.2.5/lib/active_support/file_update_checker.rb:78:in `execute'
	from /home/sidney/.rvm/gems/ruby-1.9.3-p0/gems/railties-3.2.5/lib/rails/application/routes_reloader.rb:27:in `updater'
	from /home/sidney/.rvm/gems/ruby-1.9.3-p0/gems/railties-3.2.5/lib/rails/application/routes_reloader.rb:7:in `execute_if_updated'
	from /home/sidney/.rvm/gems/ruby-1.9.3-p0/gems/railties-3.2.5/lib/rails/application/finisher.rb:66:in `block in <module:Finisher>'
	from /home/sidney/.rvm/gems/ruby-1.9.3-p0/gems/railties-3.2.5/lib/rails/initializable.rb:30:in `instance_exec'
	from /home/sidney/.rvm/gems/ruby-1.9.3-p0/gems/railties-3.2.5/lib/rails/initializable.rb:30:in `run'
	from /home/sidney/.rvm/gems/ruby-1.9.3-p0/gems/railties-3.2.5/lib/rails/initializable.rb:55:in `block in run_initializers'
	from /home/sidney/.rvm/gems/ruby-1.9.3-p0/gems/railties-3.2.5/lib/rails/initializable.rb:54:in `each'
	from /home/sidney/.rvm/gems/ruby-1.9.3-p0/gems/railties-3.2.5/lib/rails/initializable.rb:54:in `run_initializers'
	from /home/sidney/.rvm/gems/ruby-1.9.3-p0/gems/railties-3.2.5/lib/rails/application.rb:136:in `initialize!'
	from /home/sidney/.rvm/gems/ruby-1.9.3-p0/gems/railties-3.2.5/lib/rails/railtie/configurable.rb:30:in `method_missing'
	from /home/sidney/projects/rails/creusekistan/config/environment.rb:5:in `<top (required)>'
	from config.ru:3:in `require'
	from config.ru:3:in `block in <main>'
	from /home/sidney/.rvm/gems/ruby-1.9.3-p0/gems/rack-1.4.1/lib/rack/builder.rb:51:in `instance_eval'
	from /home/sidney/.rvm/gems/ruby-1.9.3-p0/gems/rack-1.4.1/lib/rack/builder.rb:51:in `initialize'
	from config.ru:1:in `new'
	from config.ru:1:in `<main>'
	from /home/sidney/.passenger/standalone/3.0.12-x86-ruby1.9.3-linux-gcc4.5.2-1002/support/lib/phusion_passenger/rack/application_spawner.rb:225:in `eval'
	from /home/sidney/.passenger/standalone/3.0.12-x86-ruby1.9.3-linux-gcc4.5.2-1002/support/lib/phusion_passenger/rack/application_spawner.rb:225:in `load_rack_app'
	from /home/sidney/.passenger/standalone/3.0.12-x86-ruby1.9.3-linux-gcc4.5.2-1002/support/lib/phusion_passenger/rack/application_spawner.rb:157:in `block in initialize_server'
	from /home/sidney/.passenger/standalone/3.0.12-x86-ruby1.9.3-linux-gcc4.5.2-1002/support/lib/phusion_passenger/utils.rb:572:in `report_app_init_status'
	from /home/sidney/.passenger/standalone/3.0.12-x86-ruby1.9.3-linux-gcc4.5.2-1002/support/lib/phusion_passenger/rack/application_spawner.rb:154:in `initialize_server'
	from /home/sidney/.passenger/standalone/3.0.12-x86-ruby1.9.3-linux-gcc4.5.2-1002/support/lib/phusion_passenger/abstract_server.rb:204:in `start_synchronously'
	from /home/sidney/.passenger/standalone/3.0.12-x86-ruby1.9.3-linux-gcc4.5.2-1002/support/lib/phusion_passenger/abstract_server.rb:180:in `start'
	from /home/sidney/.passenger/standalone/3.0.12-x86-ruby1.9.3-linux-gcc4.5.2-1002/support/lib/phusion_passenger/rack/application_spawner.rb:129:in `start'
	from /home/sidney/.passenger/standalone/3.0.12-x86-ruby1.9.3-linux-gcc4.5.2-1002/support/lib/phusion_passenger/spawn_manager.rb:253:in `block (2 levels) in spawn_rack_application'
	from /home/sidney/.passenger/standalone/3.0.12-x86-ruby1.9.3-linux-gcc4.5.2-1002/support/lib/phusion_passenger/abstract_server_collection.rb:132:in `lookup_or_add'
	from /home/sidney/.passenger/standalone/3.0.12-x86-ruby1.9.3-linux-gcc4.5.2-1002/support/lib/phusion_passenger/spawn_manager.rb:246:in `block in spawn_rack_application'
	from /home/sidney/.passenger/standalone/3.0.12-x86-ruby1.9.3-linux-gcc4.5.2-1002/support/lib/phusion_passenger/abstract_server_collection.rb:82:in `block in synchronize'
	from <internal:prelude>:10:in `synchronize'
	from /home/sidney/.passenger/standalone/3.0.12-x86-ruby1.9.3-linux-gcc4.5.2-1002/support/lib/phusion_passenger/abstract_server_collection.rb:79:in `synchronize'
	from /home/sidney/.passenger/standalone/3.0.12-x86-ruby1.9.3-linux-gcc4.5.2-1002/support/lib/phusion_passenger/spawn_manager.rb:244:in `spawn_rack_application'
	from /home/sidney/.passenger/standalone/3.0.12-x86-ruby1.9.3-linux-gcc4.5.2-1002/support/lib/phusion_passenger/spawn_manager.rb:137:in `spawn_application'
	from /home/sidney/.passenger/standalone/3.0.12-x86-ruby1.9.3-linux-gcc4.5.2-1002/support/lib/phusion_passenger/spawn_manager.rb:275:in `handle_spawn_application'
	from /home/sidney/.passenger/standalone/3.0.12-x86-ruby1.9.3-linux-gcc4.5.2-1002/support/lib/phusion_passenger/abstract_server.rb:357:in `server_main_loop'
	from /home/sidney/.passenger/standalone/3.0.12-x86-ruby1.9.3-linux-gcc4.5.2-1002/support/lib/phusion_passenger/abstract_server.rb:206:in `start_synchronously'
	from /home/sidney/.passenger/standalone/3.0.12-x86-ruby1.9.3-linux-gcc4.5.2-1002/support/helper-scripts/passenger-spawn-server:99:in `<main>'
[ pid=7116 thr=3069279088 file=ext/nginx/HelperAgent.cpp:933 time=2012-09-06 18:41:53.114 ]: Uncaught exception in PassengerServer client thread:
   exception: write() failed: Broken pipe (32)
   backtrace:
     in 'void Client::handleRequest(Passenger::FileDescriptor&)' (HelperAgent.cpp:828)
     in 'void Client::threadMain()' (HelperAgent.cpp:952)

[ pid=7119 thr=81625160 file=utils.rb:176 time=2012-09-06 18:41:57.665 ]: *** Exception ArgumentError in PhusionPassenger::Rack::ApplicationSpawner (missing :controller) (process 7119, thread #<Thread:0x9bb0090>):
	from /home/sidney/.rvm/gems/ruby-1.9.3-p0/gems/actionpack-3.2.5/lib/action_dispatch/routing/mapper.rb:181:in `default_controller_and_action'
	from /home/sidney/.rvm/gems/ruby-1.9.3-p0/gems/actionpack-3.2.5/lib/action_dispatch/routing/mapper.rb:78:in `normalize_options!'
	from /home/sidney/.rvm/gems/ruby-1.9.3-p0/gems/actionpack-3.2.5/lib/action_dispatch/routing/mapper.rb:61:in `initialize'
	from /home/sidney/.rvm/gems/ruby-1.9.3-p0/gems/actionpack-3.2.5/lib/action_dispatch/routing/mapper.rb:1304:in `new'
	from /home/sidney/.rvm/gems/ruby-1.9.3-p0/gems/actionpack-3.2.5/lib/action_dispatch/routing/mapper.rb:1304:in `add_route'
	from /home/sidney/.rvm/gems/ruby-1.9.3-p0/gems/actionpack-3.2.5/lib/action_dispatch/routing/mapper.rb:1284:in `decomposed_match'
	from /home/sidney/.rvm/gems/ruby-1.9.3-p0/gems/actionpack-3.2.5/lib/action_dispatch/routing/mapper.rb:1270:in `block in match'
	from /home/sidney/.rvm/gems/ruby-1.9.3-p0/gems/actionpack-3.2.5/lib/action_dispatch/routing/mapper.rb:1270:in `each'
	from /home/sidney/.rvm/gems/ruby-1.9.3-p0/gems/actionpack-3.2.5/lib/action_dispatch/routing/mapper.rb:1270:in `match'
	from /home/sidney/.rvm/gems/ruby-1.9.3-p0/gems/actionpack-3.2.5/lib/action_dispatch/routing/mapper.rb:507:in `map_method'
	from /home/sidney/.rvm/gems/ruby-1.9.3-p0/gems/actionpack-3.2.5/lib/action_dispatch/routing/mapper.rb:469:in `get'
	from /home/sidney/projects/rails/creusekistan/config/routes.rb:2:in `block in <top (required)>'
	from /home/sidney/.rvm/gems/ruby-1.9.3-p0/gems/actionpack-3.2.5/lib/action_dispatch/routing/route_set.rb:282:in `instance_exec'
	from /home/sidney/.rvm/gems/ruby-1.9.3-p0/gems/actionpack-3.2.5/lib/action_dispatch/routing/route_set.rb:282:in `eval_block'
	from /home/sidney/.rvm/gems/ruby-1.9.3-p0/gems/actionpack-3.2.5/lib/action_dispatch/routing/route_set.rb:260:in `draw'
	from /home/sidney/projects/rails/creusekistan/config/routes.rb:1:in `<top (required)>'
	from /home/sidney/.rvm/gems/ruby-1.9.3-p0/gems/activesupport-3.2.5/lib/active_support/dependencies.rb:245:in `load'
	from /home/sidney/.rvm/gems/ruby-1.9.3-p0/gems/activesupport-3.2.5/lib/active_support/dependencies.rb:245:in `block in load'
	from /home/sidney/.rvm/gems/ruby-1.9.3-p0/gems/activesupport-3.2.5/lib/active_support/dependencies.rb:236:in `load_dependency'
	from /home/sidney/.rvm/gems/ruby-1.9.3-p0/gems/activesupport-3.2.5/lib/active_support/dependencies.rb:245:in `load'
	from /home/sidney/.rvm/gems/ruby-1.9.3-p0/gems/railties-3.2.5/lib/rails/application/routes_reloader.rb:40:in `block in load_paths'
	from /home/sidney/.rvm/gems/ruby-1.9.3-p0/gems/railties-3.2.5/lib/rails/application/routes_reloader.rb:40:in `each'
	from /home/sidney/.rvm/gems/ruby-1.9.3-p0/gems/railties-3.2.5/lib/rails/application/routes_reloader.rb:40:in `load_paths'
	from /home/sidney/.rvm/gems/ruby-1.9.3-p0/gems/railties-3.2.5/lib/rails/application/routes_reloader.rb:16:in `reload!'
	from /home/sidney/.rvm/gems/ruby-1.9.3-p0/gems/railties-3.2.5/lib/rails/application/routes_reloader.rb:26:in `block in updater'
	from /home/sidney/.rvm/gems/ruby-1.9.3-p0/gems/activesupport-3.2.5/lib/active_support/file_update_checker.rb:78:in `call'
	from /home/sidney/.rvm/gems/ruby-1.9.3-p0/gems/activesupport-3.2.5/lib/active_support/file_update_checker.rb:78:in `execute'
	from /home/sidney/.rvm/gems/ruby-1.9.3-p0/gems/railties-3.2.5/lib/rails/application/routes_reloader.rb:27:in `updater'
	from /home/sidney/.rvm/gems/ruby-1.9.3-p0/gems/railties-3.2.5/lib/rails/application/routes_reloader.rb:7:in `execute_if_updated'
	from /home/sidney/.rvm/gems/ruby-1.9.3-p0/gems/railties-3.2.5/lib/rails/application/finisher.rb:66:in `block in <module:Finisher>'
	from /home/sidney/.rvm/gems/ruby-1.9.3-p0/gems/railties-3.2.5/lib/rails/initializable.rb:30:in `instance_exec'
	from /home/sidney/.rvm/gems/ruby-1.9.3-p0/gems/railties-3.2.5/lib/rails/initializable.rb:30:in `run'
	from /home/sidney/.rvm/gems/ruby-1.9.3-p0/gems/railties-3.2.5/lib/rails/initializable.rb:55:in `block in run_initializers'
	from /home/sidney/.rvm/gems/ruby-1.9.3-p0/gems/railties-3.2.5/lib/rails/initializable.rb:54:in `each'
	from /home/sidney/.rvm/gems/ruby-1.9.3-p0/gems/railties-3.2.5/lib/rails/initializable.rb:54:in `run_initializers'
	from /home/sidney/.rvm/gems/ruby-1.9.3-p0/gems/railties-3.2.5/lib/rails/application.rb:136:in `initialize!'
	from /home/sidney/.rvm/gems/ruby-1.9.3-p0/gems/railties-3.2.5/lib/rails/railtie/configurable.rb:30:in `method_missing'
	from /home/sidney/projects/rails/creusekistan/config/environment.rb:5:in `<top (required)>'
	from config.ru:3:in `require'
	from config.ru:3:in `block in <main>'
	from /home/sidney/.rvm/gems/ruby-1.9.3-p0/gems/rack-1.4.1/lib/rack/builder.rb:51:in `instance_eval'
	from /home/sidney/.rvm/gems/ruby-1.9.3-p0/gems/rack-1.4.1/lib/rack/builder.rb:51:in `initialize'
	from config.ru:1:in `new'
	from config.ru:1:in `<main>'
	from /home/sidney/.passenger/standalone/3.0.12-x86-ruby1.9.3-linux-gcc4.5.2-1002/support/lib/phusion_passenger/rack/application_spawner.rb:225:in `eval'
	from /home/sidney/.passenger/standalone/3.0.12-x86-ruby1.9.3-linux-gcc4.5.2-1002/support/lib/phusion_passenger/rack/application_spawner.rb:225:in `load_rack_app'
	from /home/sidney/.passenger/standalone/3.0.12-x86-ruby1.9.3-linux-gcc4.5.2-1002/support/lib/phusion_passenger/rack/application_spawner.rb:157:in `block in initialize_server'
	from /home/sidney/.passenger/standalone/3.0.12-x86-ruby1.9.3-linux-gcc4.5.2-1002/support/lib/phusion_passenger/utils.rb:572:in `report_app_init_status'
	from /home/sidney/.passenger/standalone/3.0.12-x86-ruby1.9.3-linux-gcc4.5.2-1002/support/lib/phusion_passenger/rack/application_spawner.rb:154:in `initialize_server'
	from /home/sidney/.passenger/standalone/3.0.12-x86-ruby1.9.3-linux-gcc4.5.2-1002/support/lib/phusion_passenger/abstract_server.rb:204:in `start_synchronously'
	from /home/sidney/.passenger/standalone/3.0.12-x86-ruby1.9.3-linux-gcc4.5.2-1002/support/lib/phusion_passenger/abstract_server.rb:180:in `start'
	from /home/sidney/.passenger/standalone/3.0.12-x86-ruby1.9.3-linux-gcc4.5.2-1002/support/lib/phusion_passenger/rack/application_spawner.rb:129:in `start'
	from /home/sidney/.passenger/standalone/3.0.12-x86-ruby1.9.3-linux-gcc4.5.2-1002/support/lib/phusion_passenger/spawn_manager.rb:253:in `block (2 levels) in spawn_rack_application'
	from /home/sidney/.passenger/standalone/3.0.12-x86-ruby1.9.3-linux-gcc4.5.2-1002/support/lib/phusion_passenger/abstract_server_collection.rb:132:in `lookup_or_add'
	from /home/sidney/.passenger/standalone/3.0.12-x86-ruby1.9.3-linux-gcc4.5.2-1002/support/lib/phusion_passenger/spawn_manager.rb:246:in `block in spawn_rack_application'
	from /home/sidney/.passenger/standalone/3.0.12-x86-ruby1.9.3-linux-gcc4.5.2-1002/support/lib/phusion_passenger/abstract_server_collection.rb:82:in `block in synchronize'
	from <internal:prelude>:10:in `synchronize'
	from /home/sidney/.passenger/standalone/3.0.12-x86-ruby1.9.3-linux-gcc4.5.2-1002/support/lib/phusion_passenger/abstract_server_collection.rb:79:in `synchronize'
	from /home/sidney/.passenger/standalone/3.0.12-x86-ruby1.9.3-linux-gcc4.5.2-1002/support/lib/phusion_passenger/spawn_manager.rb:244:in `spawn_rack_application'
	from /home/sidney/.passenger/standalone/3.0.12-x86-ruby1.9.3-linux-gcc4.5.2-1002/support/lib/phusion_passenger/spawn_manager.rb:137:in `spawn_application'
	from /home/sidney/.passenger/standalone/3.0.12-x86-ruby1.9.3-linux-gcc4.5.2-1002/support/lib/phusion_passenger/spawn_manager.rb:275:in `handle_spawn_application'
	from /home/sidney/.passenger/standalone/3.0.12-x86-ruby1.9.3-linux-gcc4.5.2-1002/support/lib/phusion_passenger/abstract_server.rb:357:in `server_main_loop'
	from /home/sidney/.passenger/standalone/3.0.12-x86-ruby1.9.3-linux-gcc4.5.2-1002/support/lib/phusion_passenger/abstract_server.rb:206:in `start_synchronously'
	from /home/sidney/.passenger/standalone/3.0.12-x86-ruby1.9.3-linux-gcc4.5.2-1002/support/helper-scripts/passenger-spawn-server:99:in `<main>'
[ pid=10891 thr=3069262704 file=ext/nginx/HelperAgent.cpp:923 time=2012-09-07 18:17:46.893 ]: Couldn't forward the HTTP response back to the HTTP client: It seems the user clicked on the 'Stop' button in his browser.
[ pid=28895 thr=3069283184 file=ext/nginx/HelperAgent.cpp:923 time=2012-09-07 19:41:56.718 ]: Couldn't forward the HTTP response back to the HTTP client: It seems the user clicked on the 'Stop' button in his browser.
[ pid=28895 thr=3069885296 file=ext/nginx/HelperAgent.cpp:923 time=2012-09-07 19:41:56.723 ]: Couldn't forward the HTTP response back to the HTTP client: It seems the user clicked on the 'Stop' button in his browser.
[ pid=28895 thr=3070086000 file=ext/nginx/HelperAgent.cpp:923 time=2012-09-07 19:41:56.750 ]: Couldn't forward the HTTP response back to the HTTP client: It seems the user clicked on the 'Stop' button in his browser.
[ pid=28895 thr=3069684592 file=ext/nginx/HelperAgent.cpp:923 time=2012-09-07 19:41:56.759 ]: Couldn't forward the HTTP response back to the HTTP client: It seems the user clicked on the 'Stop' button in his browser.
[ pid=28895 thr=3068681072 file=ext/nginx/HelperAgent.cpp:923 time=2012-09-07 20:59:07.689 ]: Couldn't forward the HTTP response back to the HTTP client: It seems the user clicked on the 'Stop' button in his browser.
[ pid=28895 thr=3067083632 file=ext/nginx/HelperAgent.cpp:923 time=2012-09-07 20:59:07.741 ]: Couldn't forward the HTTP response back to the HTTP client: It seems the user clicked on the 'Stop' button in his browser.
[ pid=28895 thr=3066682224 file=ext/nginx/HelperAgent.cpp:923 time=2012-09-07 20:59:09.785 ]: Couldn't forward the HTTP response back to the HTTP client: It seems the user clicked on the 'Stop' button in his browser.
[ pid=4620 thr=3064675184 file=ext/nginx/HelperAgent.cpp:923 time=2012-09-13 17:32:50.705 ]: Couldn't forward the HTTP response back to the HTTP client: It seems the user clicked on the 'Stop' button in his browser.
[ pid=4059 thr=3067878256 file=ext/nginx/HelperAgent.cpp:923 time=2012-09-20 14:15:18.882 ]: Couldn't forward the HTTP response back to the HTTP client: It seems the user clicked on the 'Stop' button in his browser.
[ pid=4059 thr=3070487408 file=ext/nginx/HelperAgent.cpp:923 time=2012-09-20 14:57:09.285 ]: Couldn't forward the HTTP response back to the HTTP client: It seems the user clicked on the 'Stop' button in his browser.
[ pid=4059 thr=3068078960 file=ext/nginx/HelperAgent.cpp:923 time=2012-09-20 17:32:23.594 ]: Couldn't forward the HTTP response back to the HTTP client: It seems the user clicked on the 'Stop' button in his browser.
